<!DOCTYPE html PUBLIC "-//W3C//DTD XHTML 1.1//EN" "http://www.w3.org/TR/xhtml11/DTD/xhtml11.dtd">
<html xmlns="http://www.w3.org/1999/xhtml">
<head>
<meta http-equiv="content-type" content="text/html; charset=UTF-8"/>
<title>TestNG Report</title>
<style type="text/css">table {margin-bottom:10px;border-collapse:collapse;empty-cells:show}th,td {border:1px solid #009;padding:.25em .5em}th {vertical-align:bottom}td {vertical-align:top}table a {font-weight:bold}.stripe td {background-color: #E6EBF9}.num {text-align:right}.passedodd td {background-color: #3F3}.passedeven td {background-color: #0A0}.skippedodd td {background-color: #DDD}.skippedeven td {background-color: #CCC}.failedodd td,.attn {background-color: #F33}.failedeven td,.stripe .attn {background-color: #D00}.stacktrace {white-space:pre;font-family:monospace}.totop {font-size:85%;text-align:center;border-bottom:2px solid #000}.invisible {display:none}</style>
</head>
<body>
<table>
<tr><th>Test</th><th># Passed</th><th># Skipped</th><th># Retried</th><th># Failed</th><th>Time (ms)</th><th>Included Groups</th><th>Excluded Groups</th></tr>
<tr><th colspan="8">Command line suite</th></tr>
<tr><td><a href="#t0">Command line test</a></td><td class="num">8</td><td class="num">0</td><td class="num">0</td><td class="num attn">5</td><td class="num">426,662</td><td></td><td></td></tr>
</table>
<table id='summary'><thead><tr><th>Class</th><th>Method</th><th>Start</th><th>Time (ms)</th></tr></thead><tbody><tr><th colspan="4">Command line suite</th></tr></tbody><tbody id="t0"><tr><th colspan="4">Command line test &#8212; failed</th></tr><tr class="failedeven"><td rowspan="2">com.proofhub.testcases.PasswordPageTest</td><td><a href="#m0">verifyBackToLoginLinkTest</a></td><td rowspan="1">1597806133730</td><td rowspan="1">21035</td></tr><tr class="failedeven"><td><a href="#m1">verifyLoginButtonOnPasswordPageTest</a></td><td rowspan="1">1597806088849</td><td rowspan="1">21298</td></tr><tr class="failedodd"><td rowspan="1">com.proofhub.testcases.Test1</td><td><a href="#m2">userNamePageUIElementsTest</a></td><td rowspan="1">1597806374765</td><td rowspan="1">25591</td></tr><tr class="failedeven"><td rowspan="2">com.proofhub.testcases.UsernamePageTest</td><td><a href="#m3">usernamePage</a></td><td rowspan="1">1597806461484</td><td rowspan="1">1500</td></tr><tr class="failedeven"><td><a href="#m4">usernamePageTitleTest</a></td><td rowspan="1">1597806415844</td><td rowspan="1">21</td></tr><tr><th colspan="4">Command line test &#8212; passed</th></tr><tr class="passedeven"><td rowspan="1">com.proofhub.testcases.HomePageTest</td><td><a href="#m5">validateHomePageAfterLogin</a></td><td rowspan="1">1597806063092</td><td rowspan="1">1616</td></tr><tr class="passedodd"><td rowspan="1">com.proofhub.testcases.PasswordPageTest</td><td><a href="#m6">login</a></td><td rowspan="1">1597806178513</td><td rowspan="1">1136</td></tr><tr class="passedeven"><td rowspan="4">com.proofhub.testcases.ProjectAddTest</td><td><a href="#m7">addProjectWithMandatoryFieldsTest</a></td><td rowspan="3">1597806327107</td><td rowspan="3">17252</td></tr><tr class="passedeven"><td><a href="#m8">addProjectWithMandatoryFieldsTest</a></td></tr><tr class="passedeven"><td><a href="#m9">addProjectWithMandatoryFieldsTest</a></td></tr><tr class="passedeven"><td><a href="#m10">validateAddProjectScreenOpenedTest</a></td><td rowspan="1">1597806206808</td><td rowspan="1">5742</td></tr><tr class="passedodd"><td rowspan="1">com.proofhub.testcases.ProjectsAssignedToMeTest</td><td><a href="#m11">validateAssignedToMePageLoadedTest</a></td><td rowspan="1">1597806369223</td><td rowspan="1">4261</td></tr><tr class="passedeven"><td rowspan="1">com.proofhub.testcases.UsernamePageTest</td><td><a href="#m12">uiElementsTest</a></td><td rowspan="1">1597806437580</td><td rowspan="1">2730</td></tr></tbody>
</table>
<h2>Command line test</h2><h3 id="m0">com.proofhub.testcases.PasswordPageTest#verifyBackToLoginLinkTest</h3><table class="result"><tr><th>Exception</th></tr><tr><td><div class="stacktrace">org.openqa.selenium.TimeoutException: Expected condition failed: waiting for invisibility of [[ChromeDriver: chrome on WINDOWS (1cfac2d4d8571cc24bd5de3a4149fcc9)] -&gt; link text: Back to login] (tried for 20 second(s) with 500 milliseconds interval)
Build info: version: &apos;3.141.59&apos;, revision: &apos;e82be7d358&apos;, time: &apos;2018-11-14T08:17:03&apos;
System info: host: &apos;DEL1-LHP-N01850&apos;, ip: &apos;192.168.1.7&apos;, os.name: &apos;Windows 10&apos;, os.arch: &apos;amd64&apos;, os.version: &apos;10.0&apos;, java.version: &apos;1.8.0_201&apos;
Driver info: org.openqa.selenium.support.events.EventFiringWebDriver
Capabilities {acceptInsecureCerts: false, browserName: chrome, browserVersion: 84.0.4147.105, chrome: {chromedriverVersion: 83.0.4103.14 (be04594a2b841..., userDataDir: C:\Users\AJAY~1.THA\AppData...}, goog:chromeOptions: {debuggerAddress: localhost:65069}, javascriptEnabled: true, networkConnectionEnabled: false, pageLoadStrategy: normal, platform: WINDOWS, platformName: WINDOWS, proxy: Proxy(), setWindowRect: true, strictFileInteractability: false, timeouts: {implicit: 0, pageLoad: 300000, script: 30000}, unhandledPromptBehavior: dismiss and notify, webauthn:virtualAuthenticators: true}
Session ID: 1cfac2d4d8571cc24bd5de3a4149fcc9
	at org.openqa.selenium.support.ui.WebDriverWait.timeoutException(WebDriverWait.java:95)
	at org.openqa.selenium.support.ui.FluentWait.until(FluentWait.java:272)
	at com.proofhub.pages.PasswordPage.validateBackToLoginLink(PasswordPage.java:35)
	at com.proofhub.testcases.PasswordPageTest.verifyBackToLoginLinkTest(PasswordPageTest.java:36)
	at java.util.ArrayList.forEach(ArrayList.java:1257)
... Removed 37 stack frames</div></td></tr></table><p class="totop"><a href="#summary">back to summary</a></p>
<h3 id="m1">com.proofhub.testcases.PasswordPageTest#verifyLoginButtonOnPasswordPageTest</h3><table class="result"><tr><th>Exception</th></tr><tr><td><div class="stacktrace">org.openqa.selenium.TimeoutException: Expected condition failed: waiting for invisibility of [[ChromeDriver: chrome on WINDOWS (c32f97dcb553a950382a7e4ea4ca6132)] -&gt; xpath: //span[text()=&apos;LOG IN&apos;]] (tried for 20 second(s) with 500 milliseconds interval)
Build info: version: &apos;3.141.59&apos;, revision: &apos;e82be7d358&apos;, time: &apos;2018-11-14T08:17:03&apos;
System info: host: &apos;DEL1-LHP-N01850&apos;, ip: &apos;192.168.1.7&apos;, os.name: &apos;Windows 10&apos;, os.arch: &apos;amd64&apos;, os.version: &apos;10.0&apos;, java.version: &apos;1.8.0_201&apos;
Driver info: org.openqa.selenium.support.events.EventFiringWebDriver
Capabilities {acceptInsecureCerts: false, browserName: chrome, browserVersion: 84.0.4147.105, chrome: {chromedriverVersion: 83.0.4103.14 (be04594a2b841..., userDataDir: C:\Users\AJAY~1.THA\AppData...}, goog:chromeOptions: {debuggerAddress: localhost:65006}, javascriptEnabled: true, networkConnectionEnabled: false, pageLoadStrategy: normal, platform: WINDOWS, platformName: WINDOWS, proxy: Proxy(), setWindowRect: true, strictFileInteractability: false, timeouts: {implicit: 0, pageLoad: 300000, script: 30000}, unhandledPromptBehavior: dismiss and notify, webauthn:virtualAuthenticators: true}
Session ID: c32f97dcb553a950382a7e4ea4ca6132
	at org.openqa.selenium.support.ui.WebDriverWait.timeoutException(WebDriverWait.java:95)
	at org.openqa.selenium.support.ui.FluentWait.until(FluentWait.java:272)
	at com.proofhub.pages.PasswordPage.validateLoginButton(PasswordPage.java:30)
	at com.proofhub.testcases.PasswordPageTest.verifyLoginButtonOnPasswordPageTest(PasswordPageTest.java:31)
	at java.util.ArrayList.forEach(ArrayList.java:1257)
... Removed 37 stack frames</div></td></tr></table><p class="totop"><a href="#summary">back to summary</a></p>
<h3 id="m2">com.proofhub.testcases.Test1#userNamePageUIElementsTest</h3><table class="result"><tr><th>Exception</th></tr><tr><td><div class="stacktrace">java.lang.NullPointerException
	at com.proofhub.testcases.Test1.userNamePageUIElementsTest(Test1.java:29)
	at java.util.ArrayList.forEach(ArrayList.java:1257)
... Removed 37 stack frames</div></td></tr></table><p class="totop"><a href="#summary">back to summary</a></p>
<h3 id="m3">com.proofhub.testcases.UsernamePageTest#usernamePage</h3><table class="result"><tr><th>Exception</th></tr><tr><td><div class="stacktrace">java.lang.IllegalArgumentException: Keys to send should be a not null CharSequence
	at org.openqa.selenium.remote.RemoteWebElement.sendKeys(RemoteWebElement.java:97)
	at org.openqa.selenium.support.events.EventFiringWebDriver$EventFiringWebElement.lambda$new$0(EventFiringWebDriver.java:404)
	at com.sun.proxy.$Proxy11.sendKeys(Unknown Source)
	at org.openqa.selenium.support.events.EventFiringWebDriver$EventFiringWebElement.sendKeys(EventFiringWebDriver.java:429)
	at org.openqa.selenium.support.pagefactory.internal.LocatingElementHandler.invoke(LocatingElementHandler.java:51)
	at com.sun.proxy.$Proxy8.sendKeys(Unknown Source)
	at com.proofhub.pages.UsernamePage.enterUsername(UsernamePage.java:59)
	at com.proofhub.testcases.UsernamePageTest.usernamePage(UsernamePageTest.java:48)
	at java.util.ArrayList.forEach(ArrayList.java:1257)
... Removed 43 stack frames</div></td></tr></table><p class="totop"><a href="#summary">back to summary</a></p>
<h3 id="m4">com.proofhub.testcases.UsernamePageTest#usernamePageTitleTest</h3><table class="result"><tr><th>Exception</th></tr><tr><td><div class="stacktrace">java.lang.AssertionError: expected [todo12] but found [ProofHub]
	at com.proofhub.testcases.UsernamePageTest.usernamePageTitleTest(UsernamePageTest.java:33)
	at java.util.ArrayList.forEach(ArrayList.java:1257)
... Removed 42 stack frames</div></td></tr></table><p class="totop"><a href="#summary">back to summary</a></p>
<h3 id="m5">com.proofhub.testcases.HomePageTest#validateHomePageAfterLogin</h3><table class="result"><tr><th class="invisible"/></tr></table><p class="totop"><a href="#summary">back to summary</a></p>
<h3 id="m6">com.proofhub.testcases.PasswordPageTest#login</h3><table class="result"><tr><th class="invisible"/></tr></table><p class="totop"><a href="#summary">back to summary</a></p>
<h3 id="m7">com.proofhub.testcases.ProjectAddTest#addProjectWithMandatoryFieldsTest</h3><table class="result"><tr class="param"><th>Parameter #1</th></tr><tr class="param stripe"><td>Project3</td></tr></table><p class="totop"><a href="#summary">back to summary</a></p>
<h3 id="m8">com.proofhub.testcases.ProjectAddTest#addProjectWithMandatoryFieldsTest</h3><table class="result"><tr class="param"><th>Parameter #1</th></tr><tr class="param stripe"><td>Project2</td></tr></table><p class="totop"><a href="#summary">back to summary</a></p>
<h3 id="m9">com.proofhub.testcases.ProjectAddTest#addProjectWithMandatoryFieldsTest</h3><table class="result"><tr class="param"><th>Parameter #1</th></tr><tr class="param stripe"><td>Project1</td></tr></table><p class="totop"><a href="#summary">back to summary</a></p>
<h3 id="m10">com.proofhub.testcases.ProjectAddTest#validateAddProjectScreenOpenedTest</h3><table class="result"><tr><th class="invisible"/></tr></table><p class="totop"><a href="#summary">back to summary</a></p>
<h3 id="m11">com.proofhub.testcases.ProjectsAssignedToMeTest#validateAssignedToMePageLoadedTest</h3><table class="result"><tr><th class="invisible"/></tr></table><p class="totop"><a href="#summary">back to summary</a></p>
<h3 id="m12">com.proofhub.testcases.UsernamePageTest#uiElementsTest</h3><table class="result"><tr><th class="invisible"/></tr></table><p class="totop"><a href="#summary">back to summary</a></p>
</body>
</html>
